0.274634 122
0.001435 93
0.000505 30
1.373339 1
0.181216 1
0.104990 1
0.096691 1
0.544238 1
0.495911 1
0.376232 4
0.327991 1
0.215315 4
0.147525 4
0.060188 1
0.209540 2
0.000442 15
0.002721 11
0.004932 123
0.001861 93
0.000164 30
0.372712 1
0.111807 1
0.063099 1
0.097960 2
0.000153 15
0.003165 101
0.005126 121
0.001788 93
0.000524 30
5.871190 1
0.220257 1
0.193827 1
0.671447 1
0.255414 1
0.569872 1
0.239075 3
0.521862 17
0.006629 126
0.001685 93
0.000158 30
0.774020 1
0.127394 1
0.200593 1
0.232605 1
0.222947 5
0.384102 2
0.000109 15
0.009531 127
0.002668 93
0.000469 30
0.362057 1
0.097037 1
0.175332 1
0.050129 17
0.001577 66
0.007613 121
0.001755 93
0.000159 30
1.042380 1
0.513244 1
0.464532 4
0.160084 4
0.191355 1
0.160599 1
0.192014 1
0.015167 1
0.478148 4
0.273582 1
0.629727 1
0.121354 1
0.778578 1
0.168047 1
0.209246 7
0.461460 2
0.000117 15
0.002278 1181
0.006647 132
0.002254 93
0.000161 30
3.116990 1
0.287300 1
0.185087 1
0.143465 1
0.312258 1
0.251546 1
0.627666 1
0.103523 1
0.190997 7
0.355402 17
0.125881 132
0.002181 123
1.242085 1
0.108832 1
0.062647 1
0.144084 2
0.000383 15
0.003750 84
0.005989 121
0.003865 93
0.000297 30
0.522726 1
0.082409 1
0.124343 1
0.226846 5
0.877363 1
0.151065 1
0.226471 1
0.233284 1
1.297044 17
0.001566 27
1.043121 1
0.143693 1
0.096417 1
0.055834 1
0.097562 1
0.160299 1
0.085738 1
0.186165 1
0.143580 1
0.214480 1
0.176122 1
0.104652 1
0.152964 1
0.102481 1
0.184128 1
0.080144 1
0.399731 1
0.111803 1
0.176906 1
0.094940 1
0.233323 1
0.287224 1
0.168087 1
0.207757 1
0.182406 1
0.513849 2
0.009107 130
0.002653 93
0.000345 30
1.316929 1
0.199367 1
0.303767 1
0.386223 4
0.173064 4
0.145196 4
0.134779 1
0.111891 1
0.192728 1
0.152847 1
0.174729 1
0.251978 1
1.084010 1
0.289347 3
0.423675 2
0.000151 15
0.002441 25
0.005586 127
0.001895 93
0.000162 30
3.254912 1
0.238378 1
0.144333 1
0.176063 1
1.752089 2
0.000187 15
0.000074 6
